<?xml version="1.0" encoding="UTF-8"?>
<!-- Generated by org.testng.reporters.JUnitReportReporter -->
<testsuite hostname="DESKTOP-TUUHO9V" name="FirstTestNGPackage.ParametersByDataProvider" tests="3" failures="0" timestamp="30 Apr 2016 11:58:51 GMT" time="46.635" errors="0">
  <testcase name="datProviderParameters" time="15.544" classname="FirstTestNGPackage.ParametersByDataProvider"/>
  <testcase name="datProviderParameters" time="15.685" classname="FirstTestNGPackage.ParametersByDataProvider"/>
  <testcase name="datProviderParameters" time="15.406" classname="FirstTestNGPackage.ParametersByDataProvider"/>
</testsuite> <!-- FirstTestNGPackage.ParametersByDataProvider -->
