<?xml version="1.0" encoding="UTF-8"?>
<!-- Generated by org.testng.reporters.JUnitReportReporter -->
<testsuite hostname="DESKTOP-TUUHO9V" name="FirstTestNGPackage.TestNGSeleniumSimpleSearchExample" tests="1" failures="0" timestamp="30 Apr 2016 11:06:21 GMT" time="14.013" errors="0">
  <testcase name="searchTestNGInGoogle" time="14.013" classname="FirstTestNGPackage.TestNGSeleniumSimpleSearchExample"/>
</testsuite> <!-- FirstTestNGPackage.TestNGSeleniumSimpleSearchExample -->
