<?xml version="1.0" encoding="UTF-8"?>
<!-- Generated by org.testng.reporters.JUnitReportReporter -->
<testsuite hostname="DESKTOP-TUUHO9V" name="FirstTestNGPackage.TestngAnnotations" tests="4" failures="0" timestamp="22 Jul 2016 18:10:27 GMT" time="0.026" errors="0">
  <testcase name="testCase1" time="0.004" classname="FirstTestNGPackage.TestngAnnotations"/>
  <testcase name="testCase1" time="0.015" classname="FirstTestNGPackage.TestngAnnotations"/>
  <testcase name="testCase2" time="0.003" classname="FirstTestNGPackage.TestngAnnotations"/>
  <testcase name="testCase2" time="0.004" classname="FirstTestNGPackage.TestngAnnotations"/>
</testsuite> <!-- FirstTestNGPackage.TestngAnnotations -->
