<?xml version="1.0" encoding="UTF-8"?>
<!-- Generated by org.testng.reporters.JUnitReportReporter -->
<testsuite hostname="DESKTOP-TUUHO9V" name="FirstTestNGPackage.TestngAnnotations2" tests="2" failures="0" timestamp="22 Jul 2016 18:10:27 GMT" time="0.008" errors="0">
  <testcase name="testCase2" time="0.002" classname="FirstTestNGPackage.TestngAnnotations2"/>
  <testcase name="testCase1" time="0.006" classname="FirstTestNGPackage.TestngAnnotations2"/>
</testsuite> <!-- FirstTestNGPackage.TestngAnnotations2 -->
