<?xml version="1.0" encoding="UTF-8"?>
<!-- Generated by org.testng.reporters.JUnitReportReporter -->
<testsuite hostname="DESKTOP-TUUHO9V" name="FirstTestNGPackage.TestParameterswithXmlFile" tests="2" failures="0" timestamp="21 May 2016 12:50:17 GMT" time="34.594" errors="0">
  <testcase name="ParameterswithTestXml" time="16.365" classname="FirstTestNGPackage.TestParameterswithXmlFile"/>
  <testcase name="ParameterswithTestXml" time="18.229" classname="FirstTestNGPackage.TestParameterswithXmlFile"/>
</testsuite> <!-- FirstTestNGPackage.TestParameterswithXmlFile -->
